<?xml version="1.0" encoding="UTF-8"?>
<testsuite name="service.impl.StringWorld2DVisualizerTest" tests="1" skipped="0" failures="0" errors="0" timestamp="2023-08-31T19:18:16" hostname="EPMXGUAW1190" time="0.002">
  <properties/>
  <testcase name="given_world_with_4_cells_the_string_should_be_the_expected()" classname="service.impl.StringWorld2DVisualizerTest" time="0.002"/>
  <system-out><![CDATA[]]></system-out>
  <system-err><![CDATA[]]></system-err>
</testsuite>
