<?xml version="1.0" encoding="UTF-8"?>
<testsuite name="model.impl.World2DTest" tests="3" skipped="0" failures="0" errors="0" timestamp="2023-08-31T19:18:13" hostname="EPMXGUAW1190" time="3.65">
  <properties/>
  <testcase name="given_world_with_4_cells_ruleEngine_should_run_4_times()" classname="model.impl.World2DTest" time="3.641"/>
  <testcase name="given_world_with_4_cells_getCellNeighbors_should_return_3_cells()" classname="model.impl.World2DTest" time="0.002"/>
  <testcase name="given_cell_should_be_added_and_retrieved_from_world_and_be_the_same()" classname="model.impl.World2DTest" time="0.005"/>
  <system-out><![CDATA[]]></system-out>
  <system-err><![CDATA[]]></system-err>
</testsuite>
