<?xml version="1.0" encoding="UTF-8"?>
<testsuite name="model.impl.CellTest" tests="3" skipped="0" failures="0" errors="0" timestamp="2023-08-31T19:18:13" hostname="EPMXGUAW1190" time="0.007">
  <properties/>
  <testcase name="given_alive_cell_state_should_be_dead_after_call_kill()" classname="model.impl.CellTest" time="0.003"/>
  <testcase name="given_dead_cell_should_be_alive_after_call_makeAlive()" classname="model.impl.CellTest" time="0.001"/>
  <testcase name="given_alive_cell_the_state_should_be_alive()" classname="model.impl.CellTest" time="0.001"/>
  <system-out><![CDATA[]]></system-out>
  <system-err><![CDATA[]]></system-err>
</testsuite>
