<?xml version="1.0" encoding="UTF-8"?>
<testsuite name="service.RandomWorldGeneratorServiceTest" tests="1" skipped="0" failures="0" errors="0" timestamp="2023-08-31T19:18:16" hostname="EPMXGUAW1190" time="0.003">
  <properties/>
  <testcase name="given_size_of_3_should_generate_world_with_9_valid_cells()" classname="service.RandomWorldGeneratorServiceTest" time="0.003"/>
  <system-out><![CDATA[]]></system-out>
  <system-err><![CDATA[]]></system-err>
</testsuite>
