<?xml version="1.0" encoding="UTF-8"?>
<testsuite name="rule.impl.OverpopulationCellRuleTest" tests="4" skipped="0" failures="0" errors="0" timestamp="2023-08-31T19:18:16" hostname="EPMXGUAW1190" time="0.012">
  <properties/>
  <testcase name="given_alive_cell_with_more_than_3_live_neighbor_cells_should_apply_and_die_after_action()" classname="rule.impl.OverpopulationCellRuleTest" time="0.006"/>
  <testcase name="given_dead_cell_rule_should_not_apply_and_remain_dead()" classname="rule.impl.OverpopulationCellRuleTest" time="0.001"/>
  <testcase name="given_alive_cell_with_2_live_neighbor_cells_should_not_apply_and_live_after_action()" classname="rule.impl.OverpopulationCellRuleTest" time="0.001"/>
  <testcase name="given_alive_cell_with_3_live_neighbor_cells_should_not_apply_and_live_after_action()" classname="rule.impl.OverpopulationCellRuleTest" time="0.001"/>
  <system-out><![CDATA[]]></system-out>
  <system-err><![CDATA[]]></system-err>
</testsuite>
